TN:
SF:src\controllers\users.js
FN:5,createAnonuser
FN:14,getUserById
FN:20,getUserByUsername
FNF:3
FNH:1
FNDA:1,createAnonuser
FNDA:0,getUserById
FNDA:0,getUserByUsername
DA:1,1
DA:3,1
DA:7,1
DA:11,1
DA:15,0
DA:21,0
DA:26,1
LF:7
LH:5
BRF:0
BRH:0
end_of_record
TN:
SF:src\db\models.js
FNF:0
FNH:0
DA:1,1
DA:5,1
DA:6,1
DA:11,0
DA:17,1
DA:23,1
DA:28,1
DA:37,1
DA:46,1
DA:54,1
DA:55,1
DA:57,1
DA:58,1
DA:60,1
DA:61,1
DA:63,1
LF:16
LH:15
BRDA:5,0,0,1
BRDA:5,0,1,0
BRF:2
BRH:1
end_of_record
TN:
SF:src\utils\username.js
FN:24,createrandomuser
FNF:1
FNH:1
FNDA:1,createrandomuser
DA:3,1
DA:13,1
DA:25,1
DA:26,1
DA:28,1
DA:32,1
LF:6
LH:6
BRF:0
BRH:0
end_of_record
